{"C:\\Users\\gunjan3\\Desktop\\dummy\\src\\setupTests.ts": {"path":"C:\\Users\\gunjan3\\Desktop\\dummy\\src\\setupTests.ts","statementMap":{},"fnMap":{},"branchMap":{},"s":{},"f":{},"b":{}}
,"C:\\Users\\gunjan3\\Desktop\\dummy\\src\\components\\UpdateBook\\index.js": {"path":"C:\\Users\\gunjan3\\Desktop\\dummy\\src\\components\\UpdateBook\\index.js","statementMap":{},"fnMap":{},"branchMap":{},"s":{},"f":{},"b":{}}
,"C:\\Users\\gunjan3\\Desktop\\dummy\\src\\config\\index.tsx": {"path":"C:\\Users\\gunjan3\\Desktop\\dummy\\src\\config\\index.tsx","statementMap":{"0":{"start":{"line":3,"column":48},"end":{"line":3,"column":59}},"1":{"start":{"line":4,"column":21},"end":{"line":4,"column":63}},"2":{"start":{"line":6,"column":15},"end":{"line":13,"column":1}},"3":{"start":{"line":15,"column":17},"end":{"line":15,"column":42}}},"fnMap":{},"branchMap":{},"s":{"0":0,"1":0,"2":0,"3":0},"f":{},"b":{}}
,"C:\\Users\\gunjan3\\Desktop\\dummy\\src\\hooks\\books\\useBook.js": {"path":"C:\\Users\\gunjan3\\Desktop\\dummy\\src\\hooks\\books\\useBook.js","statementMap":{"0":{"start":{"line":4,"column":23},"end":{"line":6,"column":1}},"1":{"start":{"line":5,"column":2},"end":{"line":5,"column":45}}},"fnMap":{"0":{"name":"(anonymous_0)","decl":{"start":{"line":4,"column":23},"end":{"line":4,"column":24}},"loc":{"start":{"line":4,"column":35},"end":{"line":6,"column":1}},"line":4}},"branchMap":{},"s":{"0":0,"1":0},"f":{"0":0},"b":{}}
,"C:\\Users\\gunjan3\\Desktop\\dummy\\src\\hooks\\books\\useBooks.js": {"path":"C:\\Users\\gunjan3\\Desktop\\dummy\\src\\hooks\\books\\useBooks.js","statementMap":{"0":{"start":{"line":5,"column":24},"end":{"line":7,"column":1}},"1":{"start":{"line":6,"column":2},"end":{"line":6,"column":40}}},"fnMap":{"0":{"name":"(anonymous_0)","decl":{"start":{"line":5,"column":24},"end":{"line":5,"column":25}},"loc":{"start":{"line":5,"column":30},"end":{"line":7,"column":1}},"line":5}},"branchMap":{},"s":{"0":0,"1":0},"f":{"0":0},"b":{}}
,"C:\\Users\\gunjan3\\Desktop\\dummy\\src\\hooks\\books\\useCreateBook.js": {"path":"C:\\Users\\gunjan3\\Desktop\\dummy\\src\\hooks\\books\\useCreateBook.js","statementMap":{"0":{"start":{"line":4,"column":29},"end":{"line":15,"column":1}},"1":{"start":{"line":5,"column":22},"end":{"line":5,"column":38}},"2":{"start":{"line":6,"column":2},"end":{"line":14,"column":5}},"3":{"start":{"line":8,"column":6},"end":{"line":8,"column":45}}},"fnMap":{"0":{"name":"(anonymous_0)","decl":{"start":{"line":4,"column":29},"end":{"line":4,"column":30}},"loc":{"start":{"line":4,"column":35},"end":{"line":15,"column":1}},"line":4},"1":{"name":"(anonymous_1)","decl":{"start":{"line":7,"column":15},"end":{"line":7,"column":16}},"loc":{"start":{"line":7,"column":25},"end":{"line":13,"column":5}},"line":7}},"branchMap":{},"s":{"0":0,"1":0,"2":0,"3":0},"f":{"0":0,"1":0},"b":{}}
,"C:\\Users\\gunjan3\\Desktop\\dummy\\src\\hooks\\books\\useDeleteBook.js": {"path":"C:\\Users\\gunjan3\\Desktop\\dummy\\src\\hooks\\books\\useDeleteBook.js","statementMap":{"0":{"start":{"line":3,"column":29},"end":{"line":10,"column":1}},"1":{"start":{"line":4,"column":22},"end":{"line":4,"column":38}},"2":{"start":{"line":5,"column":2},"end":{"line":9,"column":5}},"3":{"start":{"line":7,"column":6},"end":{"line":7,"column":45}}},"fnMap":{"0":{"name":"(anonymous_0)","decl":{"start":{"line":3,"column":29},"end":{"line":3,"column":30}},"loc":{"start":{"line":3,"column":35},"end":{"line":10,"column":1}},"line":3},"1":{"name":"(anonymous_1)","decl":{"start":{"line":6,"column":15},"end":{"line":6,"column":16}},"loc":{"start":{"line":6,"column":21},"end":{"line":8,"column":5}},"line":6}},"branchMap":{},"s":{"0":0,"1":0,"2":0,"3":0},"f":{"0":0,"1":0},"b":{}}
,"C:\\Users\\gunjan3\\Desktop\\dummy\\src\\hooks\\books\\useUpdateBook.js": {"path":"C:\\Users\\gunjan3\\Desktop\\dummy\\src\\hooks\\books\\useUpdateBook.js","statementMap":{"0":{"start":{"line":4,"column":29},"end":{"line":13,"column":1}},"1":{"start":{"line":5,"column":22},"end":{"line":5,"column":38}},"2":{"start":{"line":6,"column":38},"end":{"line":11,"column":4}},"3":{"start":{"line":8,"column":6},"end":{"line":8,"column":45}},"4":{"start":{"line":9,"column":6},"end":{"line":9,"column":54}},"5":{"start":{"line":12,"column":2},"end":{"line":12,"column":37}}},"fnMap":{"0":{"name":"(anonymous_0)","decl":{"start":{"line":4,"column":29},"end":{"line":4,"column":30}},"loc":{"start":{"line":4,"column":41},"end":{"line":13,"column":1}},"line":4},"1":{"name":"(anonymous_1)","decl":{"start":{"line":7,"column":15},"end":{"line":7,"column":16}},"loc":{"start":{"line":7,"column":21},"end":{"line":10,"column":5}},"line":7}},"branchMap":{},"s":{"0":0,"1":0,"2":0,"3":0,"4":0,"5":0},"f":{"0":0,"1":0},"b":{}}
,"C:\\Users\\gunjan3\\Desktop\\dummy\\src\\shared\\index.js": {"path":"C:\\Users\\gunjan3\\Desktop\\dummy\\src\\shared\\index.js","statementMap":{},"fnMap":{},"branchMap":{},"s":{},"f":{},"b":{}}
,"C:\\Users\\gunjan3\\Desktop\\dummy\\src\\utils\\breakpoints.ts": {"path":"C:\\Users\\gunjan3\\Desktop\\dummy\\src\\utils\\breakpoints.ts","statementMap":{"0":{"start":{"line":1,"column":20},"end":{"line":7,"column":1}}},"fnMap":{},"branchMap":{},"s":{"0":0},"f":{},"b":{}}
,"C:\\Users\\gunjan3\\Desktop\\dummy\\src\\utils\\utils.js": {"path":"C:\\Users\\gunjan3\\Desktop\\dummy\\src\\utils\\utils.js","statementMap":{},"fnMap":{},"branchMap":{},"s":{},"f":{},"b":{}}
}
